<?xml version="1.0" encoding="UTF-8"?>
<testng-results skipped="0" failed="0" total="1" passed="1">
  <reporter-output>
  </reporter-output>
  <suite name="Default suite" duration-ms="61956" started-at="2018-06-14T16:08:14Z" finished-at="2018-06-14T16:09:16Z">
    <groups>
    </groups>
    <test name="Default test" duration-ms="61956" started-at="2018-06-14T16:08:14Z" finished-at="2018-06-14T16:09:16Z">
      <class name="testng.Script1">
        <test-method status="PASS" signature="test()[pri:0, instance:testng.Script1@1725dc0f]" name="test" duration-ms="61926" started-at="2018-06-14T21:38:14Z" finished-at="2018-06-14T21:39:16Z">
          <reporter-output>
          </reporter-output>
        </test-method> <!-- test -->
      </class> <!-- testng.Script1 -->
    </test> <!-- Default test -->
  </suite> <!-- Default suite -->
</testng-results>
